/ (type d) (inode block 0)
	owner: 
	size: 2
	data disk blocks: 2 69 
	entry 1: brawlstars, inode block 3
	entry 2: music, inode block 5
	entry 4: overflow, inode block 23
	entry 6: adam, inode block 50
	entry 7: sergey, inode block 54
	entry 13: survivor1, inode block 76
	entry 14: survivor2, inode block 77

/brawlstars (type f) (inode block 3)
	owner: ethan
	size: 1
	data disk blocks: 4 
We hold these truths to be self-evident, that all men are created equal, that they are endowed by their Creator with certain unalienable Rights, that among these are Life, Liberty and the pursuit of Happiness. -- That to secure these rights, Governments are instituted among Men, deriving their just powers from the consent of the governed, -- That whenever any Form of Government becomes destructive of these ends, it is the Right of the People to alter or to abolish it, and to institute new Government, laying

/music (type d) (inode block 5)
	owner: ethan
	size: 2
	data disk blocks: 7 18 
	entry 1: classics, inode block 8
	entry 5: pop, inode block 14
	entry 7: dubstep, inode block 16
	entry 8: trance, inode block 17

/music/classics (type d) (inode block 8)
	owner: ethan
	size: 1
	data disk blocks: 10 
	entry 0: vinyl, inode block 9

/music/classics/vinyl (type f) (inode block 9)
	owner: ethan
	size: 0
	data disk blocks: 


/music/pop (type f) (inode block 14)
	owner: ethan
	size: 0
	data disk blocks: 


/music/dubstep (type d) (inode block 16)
	owner: ethan
	size: 0
	data disk blocks: 

/music/trance (type d) (inode block 17)
	owner: ethan
	size: 0
	data disk blocks: 

/overflow (type d) (inode block 23)
	owner: ethan
	size: 2
	data disk blocks: 25 34 
	entry 0: file0, inode block 24
	entry 1: file1, inode block 26
	entry 2: file2, inode block 27
	entry 3: file3, inode block 28
	entry 4: file4, inode block 29
	entry 5: file5, inode block 30
	entry 6: file6, inode block 31
	entry 7: file7, inode block 32
	entry 8: file8, inode block 33
	entry 9: file9, inode block 35
	entry 10: file10, inode block 36
	entry 11: file11, inode block 37
	entry 12: file12, inode block 38
	entry 13: file13, inode block 39
	entry 14: file14, inode block 40

/overflow/file0 (type f) (inode block 24)
	owner: ethan
	size: 0
	data disk blocks: 


/overflow/file1 (type f) (inode block 26)
	owner: ethan
	size: 0
	data disk blocks: 


/overflow/file2 (type f) (inode block 27)
	owner: ethan
	size: 0
	data disk blocks: 


/overflow/file3 (type f) (inode block 28)
	owner: ethan
	size: 0
	data disk blocks: 


/overflow/file4 (type f) (inode block 29)
	owner: ethan
	size: 0
	data disk blocks: 


/overflow/file5 (type f) (inode block 30)
	owner: ethan
	size: 0
	data disk blocks: 


/overflow/file6 (type f) (inode block 31)
	owner: ethan
	size: 0
	data disk blocks: 


/overflow/file7 (type f) (inode block 32)
	owner: ethan
	size: 0
	data disk blocks: 


/overflow/file8 (type f) (inode block 33)
	owner: ethan
	size: 0
	data disk blocks: 


/overflow/file9 (type f) (inode block 35)
	owner: ethan
	size: 0
	data disk blocks: 


/overflow/file10 (type f) (inode block 36)
	owner: ethan
	size: 0
	data disk blocks: 


/overflow/file11 (type f) (inode block 37)
	owner: ethan
	size: 0
	data disk blocks: 


/overflow/file12 (type f) (inode block 38)
	owner: ethan
	size: 0
	data disk blocks: 


/overflow/file13 (type f) (inode block 39)
	owner: ethan
	size: 0
	data disk blocks: 


/overflow/file14 (type f) (inode block 40)
	owner: ethan
	size: 0
	data disk blocks: 


/adam (type d) (inode block 50)
	owner: adam
	size: 0
	data disk blocks: 

/sergey (type d) (inode block 54)
	owner: sergey
	size: 1
	data disk blocks: 56 
	entry 0: file0, inode block 55
	entry 2: file2, inode block 59
	entry 3: file3, inode block 61
	entry 4: file4, inode block 62
	entry 5: file5, inode block 64
	entry 6: file6, inode block 65

/sergey/file0 (type f) (inode block 55)
	owner: sergey
	size: 1
	data disk blocks: 57 
We hold these truths to be self-evident, that all men are created equal, that they are endowed by their Creator with certain unalienable Rights, that among these are Life, Liberty and the pursuit of Happiness. -- That to secure these rights, Governments are instituted among Men, deriving their just powers from the consent of the governed, -- That whenever any Form of Government becomes destructive of these ends, it is the Right of the People to alter or to abolish it, and to institute new Government, laying

/sergey/file2 (type f) (inode block 59)
	owner: sergey
	size: 1
	data disk blocks: 60 
We hold these truths to be self-evident, that all men are created equal, that they are endowed by their Creator with certain unalienable Rights, that among these are Life, Liberty and the pursuit of Happiness. -- That to secure these rights, Governments are instituted among Men, deriving their just powers from the consent of the governed, -- That whenever any Form of Government becomes destructive of these ends, it is the Right of the People to alter or to abolish it, and to institute new Government, laying

/sergey/file3 (type f) (inode block 61)
	owner: sergey
	size: 0
	data disk blocks: 


/sergey/file4 (type f) (inode block 62)
	owner: sergey
	size: 1
	data disk blocks: 63 
We hold these truths to be self-evident, that all men are created equal, that they are endowed by their Creator with certain unalienable Rights, that among these are Life, Liberty and the pursuit of Happiness. -- That to secure these rights, Governments are instituted among Men, deriving their just powers from the consent of the governed, -- That whenever any Form of Government becomes destructive of these ends, it is the Right of the People to alter or to abolish it, and to institute new Government, laying

/sergey/file5 (type f) (inode block 64)
	owner: sergey
	size: 0
	data disk blocks: 


/sergey/file6 (type f) (inode block 65)
	owner: sergey
	size: 1
	data disk blocks: 66 
We hold these truths to be self-evident, that all men are created equal, that they are endowed by their Creator with certain unalienable Rights, that among these are Life, Liberty and the pursuit of Happiness. -- That to secure these rights, Governments are instituted among Men, deriving their just powers from the consent of the governed, -- That whenever any Form of Government becomes destructive of these ends, it is the Right of the People to alter or to abolish it, and to institute new Government, laying

/survivor1 (type f) (inode block 76)
	owner: ethan
	size: 0
	data disk blocks: 


/survivor2 (type f) (inode block 77)
	owner: ethan
	size: 0
	data disk blocks: 


4049 disk blocks free
